{"timestamp": "2026-03-15T18:44:59.988706+00:00", "event": "message", "message": "Starting retry loop for C:\\Users\\artyz\\AppData\\Local\\Temp\\autofax_merge_d_omv_zt\\fax_payload.pdf -> 4175204580", "run_id": "0d9aa4fe-66dc-46ca-ab69-de386988d6e3"}
{"timestamp": "2026-03-15T18:45:01.695783+00:00", "event": "attempt", "attempt": 1, "success": false, "status": "FAILURE", "message": "Submission failed: The api credentials you provided are invalid.", "summary": "Attempt 1: FAILURE - Submission failed: The api credentials you provided are invalid.", "run_id": "0d9aa4fe-66dc-46ca-ab69-de386988d6e3"}
{"timestamp": "2026-03-15T18:45:01.695783+00:00", "event": "message", "message": "Attempt 1 failed. Retrying in 300 seconds...", "run_id": "0d9aa4fe-66dc-46ca-ab69-de386988d6e3"}
{"timestamp": "2026-03-15T18:47:13.655037+00:00", "event": "message", "message": "Starting retry loop for C:\\Users\\artyz\\AppData\\Local\\Temp\\autofax_merge_f4ib7v3p\\fax_payload.pdf -> 4175204580", "run_id": "2d1f9c4b-32e1-4d21-9d8b-ad3a40cded73"}
{"timestamp": "2026-03-15T18:47:15.255849+00:00", "event": "attempt", "attempt": 1, "success": false, "status": "FAILURE", "message": "Submission failed: The api credentials you provided are invalid.", "summary": "Attempt 1: FAILURE - Submission failed: The api credentials you provided are invalid.", "run_id": "2d1f9c4b-32e1-4d21-9d8b-ad3a40cded73"}
{"timestamp": "2026-03-15T18:47:15.255849+00:00", "event": "message", "message": "Attempt 1 failed. Retrying in 10 seconds...", "run_id": "2d1f9c4b-32e1-4d21-9d8b-ad3a40cded73"}
{"timestamp": "2026-03-15T18:47:26.612144+00:00", "event": "attempt", "attempt": 2, "success": false, "status": "FAILURE", "message": "Submission failed: The api credentials you provided are invalid.", "summary": "Attempt 2: FAILURE - Submission failed: The api credentials you provided are invalid.", "run_id": "2d1f9c4b-32e1-4d21-9d8b-ad3a40cded73"}
{"timestamp": "2026-03-15T18:47:26.612144+00:00", "event": "message", "message": "Attempt 2 failed. Retrying in 10 seconds...", "run_id": "2d1f9c4b-32e1-4d21-9d8b-ad3a40cded73"}
{"timestamp": "2026-03-15T18:47:37.909452+00:00", "event": "attempt", "attempt": 3, "success": false, "status": "FAILURE", "message": "Submission failed: The api credentials you provided are invalid.", "summary": "Attempt 3: FAILURE - Submission failed: The api credentials you provided are invalid.", "run_id": "2d1f9c4b-32e1-4d21-9d8b-ad3a40cded73"}
{"timestamp": "2026-03-15T18:47:37.909452+00:00", "event": "message", "message": "Attempt 3 failed. Retrying in 10 seconds...", "run_id": "2d1f9c4b-32e1-4d21-9d8b-ad3a40cded73"}
{"timestamp": "2026-03-15T18:47:49.376488+00:00", "event": "attempt", "attempt": 4, "success": false, "status": "FAILURE", "message": "Submission failed: The api credentials you provided are invalid.", "summary": "Attempt 4: FAILURE - Submission failed: The api credentials you provided are invalid.", "run_id": "2d1f9c4b-32e1-4d21-9d8b-ad3a40cded73"}
{"timestamp": "2026-03-15T18:47:49.376488+00:00", "event": "message", "message": "Attempt 4 failed. Retrying in 10 seconds...", "run_id": "2d1f9c4b-32e1-4d21-9d8b-ad3a40cded73"}
{"timestamp": "2026-03-15T18:48:00.723949+00:00", "event": "attempt", "attempt": 5, "success": false, "status": "FAILURE", "message": "Submission failed: The api credentials you provided are invalid.", "summary": "Attempt 5: FAILURE - Submission failed: The api credentials you provided are invalid.", "run_id": "2d1f9c4b-32e1-4d21-9d8b-ad3a40cded73"}
{"timestamp": "2026-03-15T18:48:00.723949+00:00", "event": "message", "message": "Attempt 5 failed. Retrying in 10 seconds...", "run_id": "2d1f9c4b-32e1-4d21-9d8b-ad3a40cded73"}
{"timestamp": "2026-03-15T18:48:12.020187+00:00", "event": "attempt", "attempt": 6, "success": false, "status": "FAILURE", "message": "Submission failed: The api credentials you provided are invalid.", "summary": "Attempt 6: FAILURE - Submission failed: The api credentials you provided are invalid.", "run_id": "2d1f9c4b-32e1-4d21-9d8b-ad3a40cded73"}
{"timestamp": "2026-03-15T18:48:12.020187+00:00", "event": "message", "message": "Attempt 6 failed. Retrying in 10 seconds...", "run_id": "2d1f9c4b-32e1-4d21-9d8b-ad3a40cded73"}
{"timestamp": "2026-03-15T18:48:23.551584+00:00", "event": "attempt", "attempt": 7, "success": false, "status": "FAILURE", "message": "Submission failed: The api credentials you provided are invalid.", "summary": "Attempt 7: FAILURE - Submission failed: The api credentials you provided are invalid.", "run_id": "2d1f9c4b-32e1-4d21-9d8b-ad3a40cded73"}
{"timestamp": "2026-03-15T18:48:23.551584+00:00", "event": "message", "message": "Attempt 7 failed. Retrying in 10 seconds...", "run_id": "2d1f9c4b-32e1-4d21-9d8b-ad3a40cded73"}
{"timestamp": "2026-03-15T18:48:34.852075+00:00", "event": "attempt", "attempt": 8, "success": false, "status": "FAILURE", "message": "Submission failed: The api credentials you provided are invalid.", "summary": "Attempt 8: FAILURE - Submission failed: The api credentials you provided are invalid.", "run_id": "2d1f9c4b-32e1-4d21-9d8b-ad3a40cded73"}
{"timestamp": "2026-03-15T18:48:34.852075+00:00", "event": "message", "message": "Attempt 8 failed. Retrying in 10 seconds...", "run_id": "2d1f9c4b-32e1-4d21-9d8b-ad3a40cded73"}
{"timestamp": "2026-03-15T18:48:46.160369+00:00", "event": "attempt", "attempt": 9, "success": false, "status": "FAILURE", "message": "Submission failed: The api credentials you provided are invalid.", "summary": "Attempt 9: FAILURE - Submission failed: The api credentials you provided are invalid.", "run_id": "2d1f9c4b-32e1-4d21-9d8b-ad3a40cded73"}
{"timestamp": "2026-03-15T18:48:46.160369+00:00", "event": "message", "message": "Attempt 9 failed. Retrying in 10 seconds...", "run_id": "2d1f9c4b-32e1-4d21-9d8b-ad3a40cded73"}
{"timestamp": "2026-03-15T18:48:57.594620+00:00", "event": "attempt", "attempt": 10, "success": false, "status": "FAILURE", "message": "Submission failed: The api credentials you provided are invalid.", "summary": "Attempt 10: FAILURE - Submission failed: The api credentials you provided are invalid.", "run_id": "2d1f9c4b-32e1-4d21-9d8b-ad3a40cded73"}
{"timestamp": "2026-03-15T18:48:57.594620+00:00", "event": "message", "message": "Attempt 10 failed. Retrying in 10 seconds...", "run_id": "2d1f9c4b-32e1-4d21-9d8b-ad3a40cded73"}
{"timestamp": "2026-03-15T18:49:08.927790+00:00", "event": "attempt", "attempt": 11, "success": false, "status": "FAILURE", "message": "Submission failed: The api credentials you provided are invalid.", "summary": "Attempt 11: FAILURE - Submission failed: The api credentials you provided are invalid.", "run_id": "2d1f9c4b-32e1-4d21-9d8b-ad3a40cded73"}
{"timestamp": "2026-03-15T18:49:08.927790+00:00", "event": "message", "message": "Attempt 11 failed. Retrying in 10 seconds...", "run_id": "2d1f9c4b-32e1-4d21-9d8b-ad3a40cded73"}
{"timestamp": "2026-03-15T18:49:20.252749+00:00", "event": "attempt", "attempt": 12, "success": false, "status": "FAILURE", "message": "Submission failed: The api credentials you provided are invalid.", "summary": "Attempt 12: FAILURE - Submission failed: The api credentials you provided are invalid.", "run_id": "2d1f9c4b-32e1-4d21-9d8b-ad3a40cded73"}
{"timestamp": "2026-03-15T18:49:20.252749+00:00", "event": "message", "message": "Attempt 12 failed. Retrying in 10 seconds...", "run_id": "2d1f9c4b-32e1-4d21-9d8b-ad3a40cded73"}
{"timestamp": "2026-03-15T18:49:31.752999+00:00", "event": "attempt", "attempt": 13, "success": false, "status": "FAILURE", "message": "Submission failed: The api credentials you provided are invalid.", "summary": "Attempt 13: FAILURE - Submission failed: The api credentials you provided are invalid.", "run_id": "2d1f9c4b-32e1-4d21-9d8b-ad3a40cded73"}
{"timestamp": "2026-03-15T18:49:31.752999+00:00", "event": "message", "message": "Attempt 13 failed. Retrying in 10 seconds...", "run_id": "2d1f9c4b-32e1-4d21-9d8b-ad3a40cded73"}
{"timestamp": "2026-03-15T18:49:43.070089+00:00", "event": "attempt", "attempt": 14, "success": false, "status": "FAILURE", "message": "Submission failed: The api credentials you provided are invalid.", "summary": "Attempt 14: FAILURE - Submission failed: The api credentials you provided are invalid.", "run_id": "2d1f9c4b-32e1-4d21-9d8b-ad3a40cded73"}
{"timestamp": "2026-03-15T18:49:43.070089+00:00", "event": "message", "message": "Attempt 14 failed. Retrying in 10 seconds...", "run_id": "2d1f9c4b-32e1-4d21-9d8b-ad3a40cded73"}
{"timestamp": "2026-03-15T18:49:54.395122+00:00", "event": "attempt", "attempt": 15, "success": false, "status": "FAILURE", "message": "Submission failed: The api credentials you provided are invalid.", "summary": "Attempt 15: FAILURE - Submission failed: The api credentials you provided are invalid.", "run_id": "2d1f9c4b-32e1-4d21-9d8b-ad3a40cded73"}
{"timestamp": "2026-03-15T18:49:54.395122+00:00", "event": "message", "message": "Attempt 15 failed. Retrying in 10 seconds...", "run_id": "2d1f9c4b-32e1-4d21-9d8b-ad3a40cded73"}
{"timestamp": "2026-03-15T18:50:05.854420+00:00", "event": "attempt", "attempt": 16, "success": false, "status": "FAILURE", "message": "Submission failed: The api credentials you provided are invalid.", "summary": "Attempt 16: FAILURE - Submission failed: The api credentials you provided are invalid.", "run_id": "2d1f9c4b-32e1-4d21-9d8b-ad3a40cded73"}
{"timestamp": "2026-03-15T18:50:05.854420+00:00", "event": "message", "message": "Attempt 16 failed. Retrying in 10 seconds...", "run_id": "2d1f9c4b-32e1-4d21-9d8b-ad3a40cded73"}
{"timestamp": "2026-03-15T18:50:17.162453+00:00", "event": "attempt", "attempt": 17, "success": false, "status": "FAILURE", "message": "Submission failed: The api credentials you provided are invalid.", "summary": "Attempt 17: FAILURE - Submission failed: The api credentials you provided are invalid.", "run_id": "2d1f9c4b-32e1-4d21-9d8b-ad3a40cded73"}
{"timestamp": "2026-03-15T18:50:17.162453+00:00", "event": "message", "message": "Attempt 17 failed. Retrying in 10 seconds...", "run_id": "2d1f9c4b-32e1-4d21-9d8b-ad3a40cded73"}
{"timestamp": "2026-03-15T19:12:47.508037+00:00", "event": "message", "message": "Starting retry loop for C:\\Users\\artyz\\AppData\\Local\\Temp\\autofax_merge_bc0jtirn\\fax_payload.pdf -> 4175204580", "run_id": "5513feff-7f6a-46ca-b089-8507164428e6"}
{"timestamp": "2026-03-15T19:12:49.070767+00:00", "event": "attempt", "attempt": 1, "success": false, "status": "FAILURE", "message": "Submission failed: The api credentials you provided are invalid.", "summary": "Attempt 1: FAILURE - Submission failed: The api credentials you provided are invalid.", "run_id": "5513feff-7f6a-46ca-b089-8507164428e6"}
{"timestamp": "2026-03-15T19:12:49.070767+00:00", "event": "message", "message": "Attempt 1 failed. Retrying in 10 seconds...", "run_id": "5513feff-7f6a-46ca-b089-8507164428e6"}
{"timestamp": "2026-03-15T19:13:00.434979+00:00", "event": "attempt", "attempt": 2, "success": false, "status": "FAILURE", "message": "Submission failed: The api credentials you provided are invalid.", "summary": "Attempt 2: FAILURE - Submission failed: The api credentials you provided are invalid.", "run_id": "5513feff-7f6a-46ca-b089-8507164428e6"}
{"timestamp": "2026-03-15T19:13:00.441605+00:00", "event": "message", "message": "Attempt 2 failed. Retrying in 10 seconds...", "run_id": "5513feff-7f6a-46ca-b089-8507164428e6"}
{"timestamp": "2026-03-15T19:13:11.831052+00:00", "event": "attempt", "attempt": 3, "success": false, "status": "FAILURE", "message": "Submission failed: The api credentials you provided are invalid.", "summary": "Attempt 3: FAILURE - Submission failed: The api credentials you provided are invalid.", "run_id": "5513feff-7f6a-46ca-b089-8507164428e6"}
{"timestamp": "2026-03-15T19:13:11.832054+00:00", "event": "message", "message": "Attempt 3 failed. Retrying in 10 seconds...", "run_id": "5513feff-7f6a-46ca-b089-8507164428e6"}
{"timestamp": "2026-03-15T19:15:03.597545+00:00", "event": "message", "message": "Starting retry loop for C:\\Users\\artyz\\AppData\\Local\\Temp\\autofax_merge_kxflv1ir\\fax_payload.pdf -> 4175204580", "run_id": "286fa140-bdff-4baf-8297-1769d988c06b"}
{"timestamp": "2026-03-15T19:15:05.127815+00:00", "event": "attempt", "attempt": 1, "success": false, "status": "FAILURE", "message": "Submission failed: The api credentials you provided are invalid.", "summary": "Attempt 1: FAILURE - Submission failed: The api credentials you provided are invalid.", "run_id": "286fa140-bdff-4baf-8297-1769d988c06b"}
{"timestamp": "2026-03-15T19:15:05.127815+00:00", "event": "message", "message": "Attempt 1 failed. Retrying in 10 seconds...", "run_id": "286fa140-bdff-4baf-8297-1769d988c06b"}
{"timestamp": "2026-03-15T19:15:16.430087+00:00", "event": "attempt", "attempt": 2, "success": false, "status": "FAILURE", "message": "Submission failed: The api credentials you provided are invalid.", "summary": "Attempt 2: FAILURE - Submission failed: The api credentials you provided are invalid.", "run_id": "286fa140-bdff-4baf-8297-1769d988c06b"}
{"timestamp": "2026-03-15T19:15:16.446125+00:00", "event": "message", "message": "Attempt 2 failed. Retrying in 10 seconds...", "run_id": "286fa140-bdff-4baf-8297-1769d988c06b"}
{"timestamp": "2026-03-15T19:15:27.774982+00:00", "event": "attempt", "attempt": 3, "success": false, "status": "FAILURE", "message": "Submission failed: The api credentials you provided are invalid.", "summary": "Attempt 3: FAILURE - Submission failed: The api credentials you provided are invalid.", "run_id": "286fa140-bdff-4baf-8297-1769d988c06b"}
{"timestamp": "2026-03-15T19:15:27.774982+00:00", "event": "message", "message": "Attempt 3 failed. Retrying in 10 seconds...", "run_id": "286fa140-bdff-4baf-8297-1769d988c06b"}
